<?xml version="1.0" encoding="UTF-8"?>
<testsuite xmlns:xsi="http://www.w3.org/2001/XMLSchema-instance" xsi:noNamespaceSchemaLocation="https://maven.apache.org/surefire/maven-surefire-plugin/xsd/surefire-test-report-3.0.xsd" version="3.0" name="com.goodlab.ThreadLocalTest" time="0.003" tests="1" errors="0" skipped="0" failures="0">
  <properties>
[...]
</properties>
  <testcase name="testThreadLocalSetAndGet" classname="com.goodlab.ThreadLocalTest" time="0.003">
    <system-out><![CDATA[thread-1
thread-1
thread-1
thread-2
thread-2
thread-2
]]></system-out>
  </testcase>
</testsuite>